[2017-08-21 16:01:42] Текст ошибки: Нет соединения с БД | Файл: D:\WebServer\domains\ishop2.loc\vendor\ishop\core\Db.php | Строка: 14
=================
[2020-08-01 14:29:32] Текст ошибки: Нет соединения с БД | Файл: /var/www/html/vendor/ishop/core/Db.php | Строка: 14
=================
[2020-08-01 14:29:32] Текст ошибки: Страница не найдена | Файл: /var/www/html/vendor/ishop/core/Router.php | Строка: 39
=================
[2020-08-01 14:33:30] Текст ошибки: Нет соединения с БД | Файл: /var/www/html/vendor/ishop/core/Db.php | Строка: 14
=================
[2020-08-01 14:33:31] Текст ошибки: Нет соединения с БД | Файл: /var/www/html/vendor/ishop/core/Db.php | Строка: 14
=================
[2020-08-01 14:34:53] Текст ошибки: Нет соединения с БД | Файл: /var/www/html/vendor/ishop/core/Db.php | Строка: 14
=================
[2020-08-01 14:34:54] Текст ошибки: Нет соединения с БД | Файл: /var/www/html/vendor/ishop/core/Db.php | Строка: 14
=================
[2020-08-01 14:34:54] Текст ошибки: Нет соединения с БД | Файл: /var/www/html/vendor/ishop/core/Db.php | Строка: 14
=================
[2020-08-01 14:34:55] Текст ошибки: Нет соединения с БД | Файл: /var/www/html/vendor/ishop/core/Db.php | Строка: 14
=================
[2020-08-01 14:34:55] Текст ошибки: Нет соединения с БД | Файл: /var/www/html/vendor/ishop/core/Db.php | Строка: 14
=================
[2020-08-01 14:34:55] Текст ошибки: Нет соединения с БД | Файл: /var/www/html/vendor/ishop/core/Db.php | Строка: 14
=================
[2020-08-01 14:34:55] Текст ошибки: Нет соединения с БД | Файл: /var/www/html/vendor/ishop/core/Db.php | Строка: 14
=================
[2020-08-01 14:34:56] Текст ошибки: Нет соединения с БД | Файл: /var/www/html/vendor/ishop/core/Db.php | Строка: 14
=================
[2020-08-01 14:36:33] Текст ошибки: Нет соединения с БД | Файл: /var/www/html/vendor/ishop/core/Db.php | Строка: 14
=================
[2020-08-01 14:36:34] Текст ошибки: Нет соединения с БД | Файл: /var/www/html/vendor/ishop/core/Db.php | Строка: 14
=================
[2020-08-01 14:36:34] Текст ошибки: Нет соединения с БД | Файл: /var/www/html/vendor/ishop/core/Db.php | Строка: 14
=================
[2020-08-01 14:46:46] Текст ошибки: Нет соединения с БД | Файл: /var/www/html/vendor/ishop/core/Db.php | Строка: 14
=================
[2020-08-01 14:46:46] Текст ошибки: Нет соединения с БД | Файл: /var/www/html/vendor/ishop/core/Db.php | Строка: 14
=================
[2020-08-01 14:46:47] Текст ошибки: Нет соединения с БД | Файл: /var/www/html/vendor/ishop/core/Db.php | Строка: 14
=================
[2020-08-01 14:46:47] Текст ошибки: Нет соединения с БД | Файл: /var/www/html/vendor/ishop/core/Db.php | Строка: 14
=================
[2020-08-01 14:46:48] Текст ошибки: Нет соединения с БД | Файл: /var/www/html/vendor/ishop/core/Db.php | Строка: 14
=================
[2020-08-01 14:46:48] Текст ошибки: Нет соединения с БД | Файл: /var/www/html/vendor/ishop/core/Db.php | Строка: 14
=================
[2020-08-01 14:46:48] Текст ошибки: Нет соединения с БД | Файл: /var/www/html/vendor/ishop/core/Db.php | Строка: 14
=================
[2020-08-01 14:46:48] Текст ошибки: Нет соединения с БД | Файл: /var/www/html/vendor/ishop/core/Db.php | Строка: 14
=================
[2020-08-01 14:46:48] Текст ошибки: Нет соединения с БД | Файл: /var/www/html/vendor/ishop/core/Db.php | Строка: 14
=================
[2020-08-01 14:46:48] Текст ошибки: Нет соединения с БД | Файл: /var/www/html/vendor/ishop/core/Db.php | Строка: 14
=================
[2020-08-01 14:46:49] Текст ошибки: Нет соединения с БД | Файл: /var/www/html/vendor/ishop/core/Db.php | Строка: 14
=================
[2020-08-01 14:46:49] Текст ошибки: Нет соединения с БД | Файл: /var/www/html/vendor/ishop/core/Db.php | Строка: 14
=================
[2020-08-01 14:46:53] Текст ошибки: Страница не найдена | Файл: /var/www/html/vendor/ishop/core/Router.php | Строка: 39
=================
[2020-08-01 14:46:55] Текст ошибки: Нет соединения с БД | Файл: /var/www/html/vendor/ishop/core/Db.php | Строка: 14
=================
[2020-08-01 14:46:59] Текст ошибки: Нет соединения с БД | Файл: /var/www/html/vendor/ishop/core/Db.php | Строка: 14
=================
[2020-08-01 14:47:01] Текст ошибки: Нет соединения с БД | Файл: /var/www/html/vendor/ishop/core/Db.php | Строка: 14
=================
[2020-08-01 14:47:02] Текст ошибки: Нет соединения с БД | Файл: /var/www/html/vendor/ishop/core/Db.php | Строка: 14
=================
[2020-08-01 14:47:03] Текст ошибки: Нет соединения с БД | Файл: /var/www/html/vendor/ishop/core/Db.php | Строка: 14
=================
[2020-08-01 14:47:03] Текст ошибки: Нет соединения с БД | Файл: /var/www/html/vendor/ishop/core/Db.php | Строка: 14
=================
[2020-08-01 14:47:03] Текст ошибки: Нет соединения с БД | Файл: /var/www/html/vendor/ishop/core/Db.php | Строка: 14
=================
[2020-08-01 14:49:15] Текст ошибки: Нет соединения с БД | Файл: /var/www/html/vendor/ishop/core/Db.php | Строка: 15
=================
[2020-08-01 14:49:25] Текст ошибки: syntax error, unexpected '$db' (T_VARIABLE) | Файл: /var/www/html/vendor/ishop/core/Db.php | Строка: 11
=================
[2020-08-01 14:49:26] Текст ошибки: syntax error, unexpected '$db' (T_VARIABLE) | Файл: /var/www/html/vendor/ishop/core/Db.php | Строка: 11
=================
[2020-08-01 14:49:26] Текст ошибки: syntax error, unexpected '$db' (T_VARIABLE) | Файл: /var/www/html/vendor/ishop/core/Db.php | Строка: 11
=================
[2020-08-01 14:49:27] Текст ошибки: syntax error, unexpected '$db' (T_VARIABLE) | Файл: /var/www/html/vendor/ishop/core/Db.php | Строка: 11
=================
[2020-08-01 14:49:27] Текст ошибки: syntax error, unexpected '$db' (T_VARIABLE) | Файл: /var/www/html/vendor/ishop/core/Db.php | Строка: 11
=================
[2020-08-01 14:49:38] Текст ошибки: Нет соединения с БД | Файл: /var/www/html/vendor/ishop/core/Db.php | Строка: 15
=================
[2020-08-01 14:50:30] Текст ошибки: Нет соединения с БД | Файл: /var/www/html/vendor/ishop/core/Db.php | Строка: 15
=================
[2020-08-01 14:53:45] Текст ошибки: Нет соединения с БД | Файл: /var/www/html/vendor/ishop/core/Db.php | Строка: 14
=================
[2020-08-01 14:53:46] Текст ошибки: Нет соединения с БД | Файл: /var/www/html/vendor/ishop/core/Db.php | Строка: 14
=================
[2020-08-01 14:53:46] Текст ошибки: Нет соединения с БД | Файл: /var/www/html/vendor/ishop/core/Db.php | Строка: 14
=================
[2020-08-01 14:53:46] Текст ошибки: Нет соединения с БД | Файл: /var/www/html/vendor/ishop/core/Db.php | Строка: 14
=================
[2020-08-01 14:53:47] Текст ошибки: Нет соединения с БД | Файл: /var/www/html/vendor/ishop/core/Db.php | Строка: 14
=================
[2020-08-01 14:53:47] Текст ошибки: Нет соединения с БД | Файл: /var/www/html/vendor/ishop/core/Db.php | Строка: 14
=================
[2020-08-01 14:53:47] Текст ошибки: Нет соединения с БД | Файл: /var/www/html/vendor/ishop/core/Db.php | Строка: 14
=================
[2020-08-01 14:53:47] Текст ошибки: Нет соединения с БД | Файл: /var/www/html/vendor/ishop/core/Db.php | Строка: 14
=================
